[INFO] Scanning for projects...
[INFO]                                                                         
[INFO] ------------------------------------------------------------------------
[INFO] Building contabWeb 1.0.0-SNAPSHOT
[INFO] ------------------------------------------------------------------------
[INFO] 
[INFO] --- maven-clean-plugin:2.5:clean (default-clean) @ contabWeb ---
[INFO] Deleting D:\dev\njava\simasoft\contabWeb\target
[INFO] 
[INFO] --- maven-resources-plugin:2.6:resources (default-resources) @ contabWeb ---
[INFO] Using 'UTF-8' encoding to copy filtered resources.
[INFO] Copying 1 resource
[INFO] 
[INFO] --- maven-compiler-plugin:3.1:compile (default-compile) @ contabWeb ---
[INFO] Changes detected - recompiling the module!
[INFO] Compiling 69 source files to D:\dev\njava\simasoft\contabWeb\target\classes
[INFO] -------------------------------------------------------------
[ERROR] COMPILATION ERROR : 
[INFO] -------------------------------------------------------------
[ERROR] /D:/dev/njava/simasoft/contabWeb/src/main/java/co/simasoft/models/base/usuarios/RolesSistemas.java:[54,13] cannot find symbol
  symbol: variable sISTEMAS
[INFO] 1 error
[INFO] -------------------------------------------------------------
[INFO] ------------------------------------------------------------------------
[INFO] BUILD FAILURE
[INFO] ------------------------------------------------------------------------
[INFO] Total time: 1.860s
[INFO] Finished at: Mon Mar 09 15:43:30 COT 2015
[INFO] Final Memory: 15M/48M
[INFO] ------------------------------------------------------------------------
[ERROR] Failed to execute goal org.apache.maven.plugins:maven-compiler-plugin:3.1:compile (default-compile) on project contabWeb: Compilation failure
[ERROR] /D:/dev/njava/simasoft/contabWeb/src/main/java/co/simasoft/models/base/usuarios/RolesSistemas.java:[54,13] cannot find symbol
[ERROR] symbol: variable sISTEMAS
[ERROR] -> [Help 1]
[ERROR] 
[ERROR] To see the full stack trace of the errors, re-run Maven with the -e switch.
[ERROR] Re-run Maven using the -X switch to enable full debug logging.
[ERROR] 
[ERROR] For more information about the errors and possible solutions, please read the following articles:
[ERROR] [Help 1] http://cwiki.apache.org/confluence/display/MAVEN/MojoFailureException
