[INFO] Scanning for projects...
[INFO]                                                                         
[INFO] ------------------------------------------------------------------------
[INFO] Building naifg28 1.0.0-SNAPSHOT
[INFO] ------------------------------------------------------------------------
[INFO] 
[INFO] --- maven-clean-plugin:2.5:clean (default-clean) @ naifg28 ---
[INFO] Deleting d:\dev\njava\simasoft\naifg28\target
[INFO] 
[INFO] --- maven-resources-plugin:2.6:resources (default-resources) @ naifg28 ---
[INFO] Using 'UTF-8' encoding to copy filtered resources.
[INFO] Copying 1 resource
[INFO] 
[INFO] --- maven-compiler-plugin:3.1:compile (default-compile) @ naifg28 ---
[INFO] Changes detected - recompiling the module!
[INFO] Compiling 47 source files to d:\dev\njava\simasoft\naifg28\target\classes
[INFO] -------------------------------------------------------------
[WARNING] COMPILATION WARNING : 
[INFO] -------------------------------------------------------------
[WARNING] /d:/dev/njava/simasoft/naifg28/src/main/java/co/simasoft/Beans/FindBean.java: Some input files use unchecked or unsafe operations.
[WARNING] /d:/dev/njava/simasoft/naifg28/src/main/java/co/simasoft/Beans/FindBean.java: Recompile with -Xlint:unchecked for details.
[INFO] 2 warnings 
[INFO] -------------------------------------------------------------
[INFO] -------------------------------------------------------------
[ERROR] COMPILATION ERROR : 
[INFO] -------------------------------------------------------------
[ERROR] /d:/dev/njava/simasoft/naifg28/src/main/java/co/simasoft/Setup/DevelopmentsGen.java:[98,64] cannot find symbol
  symbol:   method getGroups()
  location: variable developmentsGroups of type co.simasoft.models.DevelopmentsGroups
[ERROR] /d:/dev/njava/simasoft/naifg28/src/main/java/co/simasoft/Setup/DevelopmentsGen.java:[98,18] cannot find symbol
  symbol:   class GroupsModels
  location: class co.simasoft.setup.DevelopmentsGen
[INFO] 2 errors 
[INFO] -------------------------------------------------------------
[INFO] ------------------------------------------------------------------------
[INFO] BUILD FAILURE
[INFO] ------------------------------------------------------------------------
[INFO] Total time: 3.028s
[INFO] Finished at: Tue Aug 09 09:23:02 COT 2016
[INFO] Final Memory: 18M/46M
[INFO] ------------------------------------------------------------------------
[ERROR] Failed to execute goal org.apache.maven.plugins:maven-compiler-plugin:3.1:compile (default-compile) on project naifg28: Compilation failure: Compilation failure:
[ERROR] /d:/dev/njava/simasoft/naifg28/src/main/java/co/simasoft/Setup/DevelopmentsGen.java:[98,64] cannot find symbol
[ERROR] symbol:   method getGroups()
[ERROR] location: variable developmentsGroups of type co.simasoft.models.DevelopmentsGroups
[ERROR] /d:/dev/njava/simasoft/naifg28/src/main/java/co/simasoft/Setup/DevelopmentsGen.java:[98,18] cannot find symbol
[ERROR] symbol:   class GroupsModels
[ERROR] location: class co.simasoft.setup.DevelopmentsGen
[ERROR] -> [Help 1]
[ERROR] 
[ERROR] To see the full stack trace of the errors, re-run Maven with the -e switch.
[ERROR] Re-run Maven using the -X switch to enable full debug logging.
[ERROR] 
[ERROR] For more information about the errors and possible solutions, please read the following articles:
[ERROR] [Help 1] http://cwiki.apache.org/confluence/display/MAVEN/MojoFailureException
